###!-----------------------------------------
###!
###! MODUL CALL_REGISTRY
###!
###!-----------------------------------------
###1 call_registry: buit
###!-----------------------------------------
###!
#init c1 call_registry
#c 101
false
##false
#nom_cr 101
Error::call_registry:21:Numero inexistent.
##Error::call_registry:21:Numero inexistent.
#num_trucades 101
Error::call_registry:21:Numero inexistent.
##Error::call_registry:21:Numero inexistent.
#e 101
Error::call_registry:21:Numero inexistent.
##Error::call_registry:21:Numero inexistent.
#num_entrades
0
##0
#es_buit
true
##true
#dump

##
#destroy
###!
###!
###!
###!-----------------------------------------
###2 call_registry: una entrada
###!-----------------------------------------
###!
###!-----------------------------------------
###2.1 insercio assignant
###!-----------------------------------------
#init c21 call_registry
#as 102 "I-102"
numero: 102 entra a insereix
insereix el node
###!
#c 101
false
##false
#nom_cr 101
Error::call_registry:21:Numero inexistent.
##Error::call_registry:21:Numero inexistent.
#num_trucades 101
Error::call_registry:21:Numero inexistent.
##Error::call_registry:21:Numero inexistent.
#c 102
true
##true
#nom_cr 102
I-102
##I-102
#num_trucades 102
0
##0
#num_entrades
1
##1
#es_buit
false
##false
#dump
102 I-102 0 
##102 I-102 0 
#e 101
Error::call_registry:21:Numero inexistent.
##Error::call_registry:21:Numero inexistent.
#e 102
#c 102
false
##false
#nom_cr 102
Error::call_registry:21:Numero inexistent.
##Error::call_registry:21:Numero inexistent.
#num_trucades 102
Error::call_registry:21:Numero inexistent.
##Error::call_registry:21:Numero inexistent.
#num_entrades
0
##0
#es_buit
true
##true
#dump

##
#destroy
###!
###!
###!-----------------------------------------
###2.2 insercio assignant i registrant
###!-----------------------------------------
###!
#init c22 call_registry
#as 102 "I-102"
numero: 102 entra a insereix
insereix el node
#r 102
###!
#c 102
true
##true
#nom_cr 102
I-102
##I-102
#num_trucades 102
1
##1
#dump
102 I-102 1 
##102 I-102 1 
###!
#as 102 "I-102Bis"
#c 102
true
##true
#nom_cr 102
I-102Bis
##I-102Bis
#num_trucades 102
1
##1
#dump
102 I-102Bis 1 
##102 I-102Bis 1 
#num_entrades
1
##1
#es_buit
false
##false
###!
#e 102
#c 102
false
##false
#nom_cr 102
Error::call_registry:21:Numero inexistent.
##Error::call_registry:21:Numero inexistent.
#num_trucades 102
Error::call_registry:21:Numero inexistent.
##Error::call_registry:21:Numero inexistent.
#num_entrades
0
##0
#es_buit
true
##true
#dump

##
#destroy
###!
###!
###!-----------------------------------------
###2.3 insercio registrant
###!-----------------------------------------
###!
#init c23 call_registry
#r 102
numero: 102 entra a insereix
insereix el node
###!
#c 101
false
##false
#nom_cr 101
Error::call_registry:21:Numero inexistent.
##Error::call_registry:21:Numero inexistent.
#c 102
true
##true
#nom_cr 102

##
#num_trucades 101
Error::call_registry:21:Numero inexistent.
##Error::call_registry:21:Numero inexistent.
#num_trucades 102
1
##1
#num_entrades
1
##1
#es_buit
false
##false
#dump

##
#e 101
Error::call_registry:21:Numero inexistent.
##Error::call_registry:21:Numero inexistent.
#e 102
#c 102
false
##false
#nom_cr 102
Error::call_registry:21:Numero inexistent.
##Error::call_registry:21:Numero inexistent.
#num_trucades 102
Error::call_registry:21:Numero inexistent.
##Error::call_registry:21:Numero inexistent.
#num_entrades
0
##0
#es_buit
true
##true
#dump

##
#destroy
###!
###!
###!-----------------------------------------
###2.4 insercio registrant i assignant
###!-----------------------------------------
###!
#init c24 call_registry
#r 102
numero: 102 entra a insereix
insereix el node
#as 102 "I-102"
###!
#c 102
true
##true
#nom_cr 102
I-102
##I-102
#num_trucades 102
1
##1
#dump
102 I-102 1 
##102 I-102 1 
###!
#as 102 "I-102Bis"
#c 102
true
##true
#nom_cr 102
I-102Bis
##I-102Bis
#num_trucades 102
1
##1
#dump
102 I-102Bis 1 
##102 I-102Bis 1 
#num_entrades
1
##1
#es_buit
false
##false
###!
#e 102
#c 102
false
##false
#nom_cr 102
Error::call_registry:21:Numero inexistent.
##Error::call_registry:21:Numero inexistent.
#num_trucades 102
Error::call_registry:21:Numero inexistent.
##Error::call_registry:21:Numero inexistent.
#num_entrades
0
##0
#es_buit
true
##true
#dump

##
#destroy
###!
###!
###!
###!-----------------------------------------
###3 call_registry: dues entrada
###!-----------------------------------------
###!
###!-----------------------------------------
###3.1 insercio assignant
###!-----------------------------------------
###!
#init c31 call_registry
#as 101 "I-101"
numero: 101 entra a insereix
insereix el node
#as 103 "I-103"
numero: 103 entra a insereix
numero: 103 entra a insereix
insereix el node
altura: 2
factor: 4294967295
#c 100
false
##false
#c 101
true
##true
#c 102
false
##false
#c 103
true
##true
#c 104
false
##false
#nom_cr 100
Error::call_registry:21:Numero inexistent.
##Error::call_registry:21:Numero inexistent.
#nom_cr 101
I-101
##I-101
#nom_cr 102
Error::call_registry:21:Numero inexistent.
##Error::call_registry:21:Numero inexistent.
#nom_cr 103
I-103
##I-103
#nom_cr 104
Error::call_registry:21:Numero inexistent.
##Error::call_registry:21:Numero inexistent.
#num_trucades 100
Error::call_registry:21:Numero inexistent.
##Error::call_registry:21:Numero inexistent.
#num_trucades 101
0
##0
#num_trucades 102
Error::call_registry:21:Numero inexistent.
##Error::call_registry:21:Numero inexistent.
#num_trucades 103
0
##0
#num_trucades 104
Error::call_registry:21:Numero inexistent.
##Error::call_registry:21:Numero inexistent.
#num_entrades
3
##2
#es_buit
false
##false
#dump
101 I-101 0 103 I-103 0 
##101 I-101 0 103 I-103 0 
###!
#r 101
#c 101
true
##true
#nom_cr 101
I-101
##I-101
#num_trucades 101
1
##1
#num_entrades
3
##2
#es_buit
false
##false
#dump
103 I-103 0 101 I-101 1 
##103 I-103 0 101 I-101 1 
###!
#r 103
#c 103
true
##true
#nom_cr 103
I-103
##I-103
#num_trucades 103
1
##1
#num_entrades
3
##2
#es_buit
false
##false
#dump
101 I-101 1 103 I-103 1 
##101 I-101 1 103 I-103 1 
###!
#as 101 "I-101Bis"
#c 101
true
##true
#nom_cr 101
I-101Bis
##I-101Bis
#num_trucades 101
1
##1
#num_entrades
3
##2
#es_buit
false
##false
#dump
101 I-101Bis 1 103 I-103 1 
##101 I-101Bis 1 103 I-103 1 
###!
#as 103 "I-103Bis"
#c 103
true
##true
#nom_cr 103
I-103Bis
##I-103Bis
#num_trucades 103
1
##1
#num_entrades
3
##2
#es_buit
false
##false
#dump
101 I-101Bis 1 103 I-103Bis 1 
##101 I-101Bis 1 103 I-103Bis 1 
#destroy
###!
###!
###!-----------------------------------------
###3.2 insercio assignant+registrant
###!-----------------------------------------
###!
#init c32 call_registry
#as 101 "I-101"
numero: 101 entra a insereix
insereix el node
#r 103
numero: 103 entra a insereix
numero: 103 entra a insereix
numero: 103 entra a insereix
insereix el node
altura: 2
factor: 2
altura: 5
factor: 4294967292
#c 100
false
##false
#c 101
true
##true
#c 102
false
##false
#c 103
true
##true
#c 104
